<?xml version="1.0" encoding="UTF-8"?>
<testng-results skipped="0" failed="1" ignored="0" total="1" passed="0">
  <reporter-output>
  </reporter-output>
  <suite name="Suite" duration-ms="59384" started-at="2018-09-17T15:04:35Z" finished-at="2018-09-17T15:05:34Z">
    <groups>
    </groups>
    <test name="Test" duration-ms="59384" started-at="2018-09-17T15:04:35Z" finished-at="2018-09-17T15:05:34Z">
      <class name="mainDiverScript.MainClass">
        <test-method status="FAIL" signature="landingPage()[pri:0, instance:mainDiverScript.MainClass@ae45eb6]" name="landingPage" duration-ms="59322" started-at="2018-09-17T15:04:35Z" finished-at="2018-09-17T15:05:34Z">
          <exception class="java.lang.AssertionError">
            <message>
              <![CDATA[expected:<Best Insurance company till date where you can find out all types of policies which are beneficial to you and your family.Also the customer support is way much better as they provide solution to your doubts very freuently. Alos they provide updated schemes available in the market for your own benefit> but was:<Best Insurance company till date where you can find out all types of policies which are beneficial to you and your family.Also the customer support is way much better as they provide solution to your doubts very freuently. Alos they provide updated schemes available in the market for your own benefitBest Insurance company till date where you can find out all types of policies which are beneficial to you and your family.Also the customer support… read more>]]>
            </message>
            <full-stacktrace>
              <![CDATA[java.lang.AssertionError: expected:<Best Insurance company till date where you can find out all types of policies which are beneficial to you and your family.Also the customer support is way much better as they provide solution to your doubts very freuently. Alos they provide updated schemes available in the market for your own benefit> but was:<Best Insurance company till date where you can find out all types of policies which are beneficial to you and your family.Also the customer support is way much better as they provide solution to your doubts very freuently. Alos they provide updated schemes available in the market for your own benefitBest Insurance company till date where you can find out all types of policies which are beneficial to you and your family.Also the customer support… read more>
at org.testng.AssertJUnit.assertEquals(AssertJUnit.java:101)
at org.testng.AssertJUnit.assertEquals(AssertJUnit.java:108)
at pagesOfWebSite.VerifyReview.compareReviews(VerifyReview.java:21)
at mainDiverScript.MainClass.landingPage(MainClass.java:26)
at sun.reflect.NativeMethodAccessorImpl.invoke0(Native Method)
at sun.reflect.NativeMethodAccessorImpl.invoke(NativeMethodAccessorImpl.java:62)
at sun.reflect.DelegatingMethodAccessorImpl.invoke(DelegatingMethodAccessorImpl.java:43)
at java.lang.reflect.Method.invoke(Method.java:497)
at org.testng.internal.MethodInvocationHelper.invokeMethod(MethodInvocationHelper.java:124)
at org.testng.internal.Invoker.invokeMethod(Invoker.java:583)
at org.testng.internal.Invoker.invokeTestMethod(Invoker.java:719)
at org.testng.internal.Invoker.invokeTestMethods(Invoker.java:989)
at org.testng.internal.TestMethodWorker.invokeTestMethods(TestMethodWorker.java:125)
at org.testng.internal.TestMethodWorker.run(TestMethodWorker.java:109)
at org.testng.TestRunner.privateRun(TestRunner.java:648)
at org.testng.TestRunner.run(TestRunner.java:505)
at org.testng.SuiteRunner.runTest(SuiteRunner.java:455)
at org.testng.SuiteRunner.runSequentially(SuiteRunner.java:450)
at org.testng.SuiteRunner.privateRun(SuiteRunner.java:415)
at org.testng.SuiteRunner.run(SuiteRunner.java:364)
at org.testng.SuiteRunnerWorker.runSuite(SuiteRunnerWorker.java:52)
at org.testng.SuiteRunnerWorker.run(SuiteRunnerWorker.java:84)
at org.testng.TestNG.runSuitesSequentially(TestNG.java:1208)
at org.testng.TestNG.runSuitesLocally(TestNG.java:1137)
at org.testng.TestNG.runSuites(TestNG.java:1049)
at org.testng.TestNG.run(TestNG.java:1017)
at org.testng.remote.AbstractRemoteTestNG.run(AbstractRemoteTestNG.java:114)
at org.testng.remote.RemoteTestNG.initAndRun(RemoteTestNG.java:251)
at org.testng.remote.RemoteTestNG.main(RemoteTestNG.java:77)
]]>
            </full-stacktrace>
          </exception> <!-- java.lang.AssertionError -->
          <reporter-output>
          </reporter-output>
        </test-method> <!-- landingPage -->
        <test-method status="PASS" signature="fetchMostRecentTestResult(org.testng.ITestResult)[pri:0, instance:mainDiverScript.MainClass@ae45eb6]" name="fetchMostRecentTestResult" is-config="true" duration-ms="0" started-at="2018-09-17T15:05:34Z" finished-at="2018-09-17T15:05:34Z">
          <params>
            <param index="0">
              <value>
                <![CDATA[[TestResult name=landingPage status=FAILURE method=MainClass.landingPage()[pri:0, instance:mainDiverScript.MainClass@ae45eb6] output={null}]]]>
              </value>
            </param>
          </params>
          <reporter-output>
          </reporter-output>
        </test-method> <!-- fetchMostRecentTestResult -->
      </class> <!-- mainDiverScript.MainClass -->
    </test> <!-- Test -->
  </suite> <!-- Suite -->
</testng-results>
