<?xml version="1.0" encoding="UTF-8"?>
<!-- Generated by org.testng.reporters.JUnitXMLReporter -->
<testsuite hostname="SONY-VAIO" ignored="0" name="Test" tests="1" failures="1" timestamp="17 Sep 2018 15:05:34 GMT" time="59.384" errors="0">
  <testcase name="landingPage" time="59.322" classname="mainDiverScript.MainClass">
    <failure type="java.lang.AssertionError" message="expected:&amp;lt;Best Insurance company till date where you can find out all types of policies which are beneficial to you and your family.Also the customer support is way much better as they provide solution to your doubts very freuently. Alos they provide updated schemes available in the market for your own benefit&amp;gt; but was:&amp;lt;Best Insurance company till date where you can find out all types of policies which are beneficial to you and your family.Also the customer support is way much better as they provide solution to your doubts very freuently. Alos they provide updated schemes available in the market for your own benefitBest Insurance company till date where you can find out all types of policies which are beneficial to you and your family.Also the customer support… read more&amp;gt;">
      <![CDATA[java.lang.AssertionError: expected:<Best Insurance company till date where you can find out all types of policies which are beneficial to you and your family.Also the customer support is way much better as they provide solution to your doubts very freuently. Alos they provide updated schemes available in the market for your own benefit> but was:<Best Insurance company till date where you can find out all types of policies which are beneficial to you and your family.Also the customer support is way much better as they provide solution to your doubts very freuently. Alos they provide updated schemes available in the market for your own benefitBest Insurance company till date where you can find out all types of policies which are beneficial to you and your family.Also the customer support… read more>
at pagesOfWebSite.VerifyReview.compareReviews(VerifyReview.java:21)
at mainDiverScript.MainClass.landingPage(MainClass.java:26)
... Removed 27 stack frames]]>
    </failure>
  </testcase> <!-- landingPage -->
</testsuite> <!-- Test -->
